<?xml version="1.0" encoding="UTF-8"?>
<!-- Generated by org.testng.reporters.JUnitXMLReporter -->
<testsuite hostname="LN0C5772E6454B" name="Check for successful user&#039;s login, Search Flight and purchase" tests="5" failures="0" timestamp="9 Jul 2018 04:01:45 GMT" time="7.491" errors="0">
  <testcase name="login" time="1.497" classname="Hybrid_Frame_TestNG.UserLoginTest"/>
  <testcase name="searchFlight" time="1.169" classname="Hybrid_Frame_TestNG.SearchFlight"/>
  <testcase name="enterDetails" time="0.245" classname="Hybrid_Frame_TestNG.PassengerDetails"/>
  <testcase name="BookTicket" time="0.408" classname="Hybrid_Frame_TestNG.BookTicket"/>
  <testcase name="logout" time="0.513" classname="Hybrid_Frame_TestNG.UserLogoutTest"/>
</testsuite> <!-- Check for successful user's login, Search Flight and purchase -->
