<?xml version="1.0" encoding="UTF-8"?>
<!-- Generated by org.testng.reporters.JUnitXMLReporter -->
<testsuite hostname="LN0C5772E6454B" name="Check for successful user login" tests="4" failures="0" timestamp="9 Jul 2018 03:53:01 GMT" time="6.272" errors="0">
  <testcase name="login" time="1.464" classname="Hybrid_Frame_TestNG.UserLoginTest"/>
  <testcase name="searchFlight" time="1.18" classname="Hybrid_Frame_TestNG.SearchFlight"/>
  <testcase name="enterDetails" time="0.233" classname="Hybrid_Frame_TestNG.PassengerDetails"/>
  <testcase name="BookTicket" time="0.423" classname="Hybrid_Frame_TestNG.BookTicket"/>
</testsuite> <!-- Check for successful user login -->
