<?xml version="1.0" encoding="UTF-8"?>
<!-- Generated by org.testng.reporters.JUnitXMLReporter -->
<testsuite hostname="LN0C5772E6454B" name="Check for successful user&#039;s login, Search Flight without purchase" tests="3" failures="0" timestamp="9 Jul 2018 04:01:51 GMT" time="6.013" errors="0">
  <testcase name="login" time="1.495" classname="Hybrid_Frame_TestNG.UserLoginTest"/>
  <testcase name="searchFlight" time="1.263" classname="Hybrid_Frame_TestNG.SearchFlight"/>
  <testcase name="logout" time="0.497" classname="Hybrid_Frame_TestNG.UserLogoutTest"/>
</testsuite> <!-- Check for successful user's login, Search Flight without purchase -->
