<?xml version="1.0" encoding="UTF-8"?>
<!-- Generated by org.testng.reporters.JUnitXMLReporter -->
<testsuite hostname="LN0C5772E6454B" name="Check for successful user&#039;s login, Search Flight and purchase" tests="5" failures="0" timestamp="10 Jul 2018 00:07:10 GMT" time="8.122" errors="0">
  <testcase name="login" time="1.637" classname="appModular.UserLoginTest"/>
  <testcase name="searchFlight" time="1.371" classname="appModular.SearchFlight"/>
  <testcase name="enterDetails" time="0.24" classname="appModular.PassengerDetails"/>
  <testcase name="BookTicket" time="0.515" classname="appModular.BookTicket"/>
  <testcase name="logout" time="0.574" classname="appModular.UserLogoutTest"/>
</testsuite> <!-- Check for successful user's login, Search Flight and purchase -->
