<?xml version="1.0" encoding="UTF-8"?>
<!-- Generated by org.testng.reporters.JUnitXMLReporter -->
<testsuite hostname="LN0C5772E6454B" name="Check for successful user&#039;s login, Search Flight without purchase" tests="3" failures="0" timestamp="10 Jul 2018 00:07:17 GMT" time="6.41" errors="0">
  <testcase name="login" time="1.589" classname="appModular.UserLoginTest"/>
  <testcase name="searchFlight" time="1.335" classname="appModular.SearchFlight"/>
  <testcase name="logout" time="0.565" classname="appModular.UserLogoutTest"/>
</testsuite> <!-- Check for successful user's login, Search Flight without purchase -->
